<?xml version="1.0" encoding="UTF-8"?>
<!-- Generated by org.testng.reporters.JUnitXMLReporter -->
<testsuite hostname="Munmun-PC" name="Default test" tests="3" failures="0" timestamp="24 Apr 2015 12:11:37 GMT" time="105.061" errors="0">
  <testcase name="verifyLoginPopup" time="6.661" classname="com.topcoder.Tests.DemandSideTests"/>
  <testcase name="userLogin" time="14.604" classname="com.topcoder.Tests.DemandSideTests"/>
  <testcase name="createProject" time="26.273" classname="com.topcoder.Tests.DemandSideTests"/>
</testsuite> <!-- Default test -->
