<?xml version="1.0" encoding="UTF-8"?>
<testng-results skipped="0" failed="1" total="3" passed="2">
  <reporter-output>
  </reporter-output>
  <suite name="Demand/Core Side Tests" duration-ms="55857" started-at="2015-04-16T17:29:18Z" finished-at="2015-04-16T17:30:14Z">
    <groups>
    </groups>
    <test name="Demand Side Tests" duration-ms="55857" started-at="2015-04-16T17:29:18Z" finished-at="2015-04-16T17:30:14Z">
      <class name="com.topcoder.Tests.DemandSideTests">
        <test-method status="PASS" signature="setUp()[pri:0, instance:com.topcoder.Tests.DemandSideTests@7d0144a]" name="setUp" is-config="true" duration-ms="30260" started-at="2015-04-16T17:29:18Z" finished-at="2015-04-16T17:29:48Z">
        </test-method> <!-- setUp -->
        <test-method status="PASS" signature="verifyLoginPopup()[pri:0, instance:com.topcoder.Tests.DemandSideTests@7d0144a]" name="verifyLoginPopup" duration-ms="5468" started-at="2015-04-16T17:29:48Z" description="Login popup" finished-at="2015-04-16T17:29:54Z">
        </test-method> <!-- verifyLoginPopup -->
        <test-method status="PASS" signature="userLogin()[pri:0, instance:com.topcoder.Tests.DemandSideTests@7d0144a]" name="userLogin" duration-ms="13365" started-at="2015-04-16T17:29:54Z" description="User login" finished-at="2015-04-16T17:30:07Z">
        </test-method> <!-- userLogin -->
        <test-method status="FAIL" signature="createProject()[pri:0, instance:com.topcoder.Tests.DemandSideTests@7d0144a]" name="createProject" duration-ms="6442" started-at="2015-04-16T17:30:07Z" description="Create project" finished-at="2015-04-16T17:30:13Z">
          <exception class="java.lang.NullPointerException">
            <full-stacktrace>
              <![CDATA[java.lang.NullPointerException
	at com.topcoder.DemandPageObjects.CreateProjectPage.createAProject(CreateProjectPage.java:48)
	at com.topcoder.Tests.DemandSideTests.createProject(DemandSideTests.java:109)
	at sun.reflect.NativeMethodAccessorImpl.invoke0(Native Method)
	at sun.reflect.NativeMethodAccessorImpl.invoke(NativeMethodAccessorImpl.java:57)
	at sun.reflect.DelegatingMethodAccessorImpl.invoke(DelegatingMethodAccessorImpl.java:43)
	at java.lang.reflect.Method.invoke(Method.java:601)
	at org.testng.internal.MethodInvocationHelper.invokeMethod(MethodInvocationHelper.java:80)
	at org.testng.internal.Invoker.invokeMethod(Invoker.java:702)
	at org.testng.internal.Invoker.invokeTestMethod(Invoker.java:894)
	at org.testng.internal.Invoker.invokeTestMethods(Invoker.java:1219)
	at org.testng.internal.TestMethodWorker.invokeTestMethods(TestMethodWorker.java:127)
	at org.testng.internal.TestMethodWorker.run(TestMethodWorker.java:111)
	at org.testng.TestRunner.privateRun(TestRunner.java:767)
	at org.testng.TestRunner.run(TestRunner.java:617)
	at org.testng.SuiteRunner.runTest(SuiteRunner.java:334)
	at org.testng.SuiteRunner.runSequentially(SuiteRunner.java:329)
	at org.testng.SuiteRunner.privateRun(SuiteRunner.java:291)
	at org.testng.SuiteRunner.run(SuiteRunner.java:240)
	at org.testng.SuiteRunnerWorker.runSuite(SuiteRunnerWorker.java:53)
	at org.testng.SuiteRunnerWorker.run(SuiteRunnerWorker.java:87)
	at org.testng.TestNG.runSuitesSequentially(TestNG.java:1197)
	at org.testng.TestNG.runSuitesLocally(TestNG.java:1122)
	at org.testng.TestNG.run(TestNG.java:1030)
	at org.testng.remote.RemoteTestNG.run(RemoteTestNG.java:111)
	at org.testng.remote.RemoteTestNG.initAndRun(RemoteTestNG.java:204)
	at org.testng.remote.RemoteTestNG.main(RemoteTestNG.java:175)
]]>
            </full-stacktrace>
          </exception> <!-- java.lang.NullPointerException -->
        </test-method> <!-- createProject -->
        <test-method status="PASS" signature="endTest()[pri:0, instance:com.topcoder.Tests.DemandSideTests@7d0144a]" name="endTest" is-config="true" duration-ms="297" started-at="2015-04-16T17:30:13Z" finished-at="2015-04-16T17:30:14Z">
        </test-method> <!-- endTest -->
      </class> <!-- com.topcoder.Tests.DemandSideTests -->
    </test> <!-- Demand Side Tests -->
  </suite> <!-- Demand/Core Side Tests -->
</testng-results>
