<?xml version="1.0" encoding="UTF-8"?>
<!-- Generated by org.testng.reporters.JUnitXMLReporter -->
<testsuite hostname="Munmun-PC" name="Demand Side Tests" tests="3" failures="0" timestamp="21 Apr 2015 12:08:06 GMT" time="73.694" errors="0">
  <testcase name="verifyLoginPopup" time="5.388" classname="com.topcoder.Tests.DemandSideTests"/>
  <testcase name="userLogin" time="13.223" classname="com.topcoder.Tests.DemandSideTests"/>
  <testcase name="createProject" time="22.098" classname="com.topcoder.Tests.DemandSideTests"/>
</testsuite> <!-- Demand Side Tests -->
